[0606/191635.602:ERROR:process_reader_win.cc(151)] SuspendThread: Access is denied. (0x5)
[0606/191635.606:ERROR:process_reader_win.cc(151)] SuspendThread: Access is denied. (0x5)
[0606/191635.734:ERROR:process_reader_win.cc(151)] SuspendThread: Access is denied. (0x5)
[0606/191635.734:ERROR:process_reader_win.cc(151)] SuspendThread: Access is denied. (0x5)
[0606/191635.734:ERROR:process_reader_win.cc(151)] SuspendThread: Access is denied. (0x5)
[0606/191635.734:ERROR:process_reader_win.cc(151)] SuspendThread: Access is denied. (0x5)
[0606/191635.734:ERROR:process_reader_win.cc(151)] SuspendThread: Access is denied. (0x5)
[0606/191635.734:ERROR:process_reader_win.cc(151)] SuspendThread: Access is denied. (0x5)
[0606/191635.734:ERROR:process_reader_win.cc(151)] SuspendThread: Access is denied. (0x5)
[0606/191635.734:ERROR:process_reader_win.cc(151)] SuspendThread: Access is denied. (0x5)
[0606/191635.734:ERROR:process_reader_win.cc(151)] SuspendThread: Access is denied. (0x5)
[0606/191635.734:ERROR:process_reader_win.cc(151)] SuspendThread: Access is denied. (0x5)
[0606/191635.734:ERROR:process_reader_win.cc(151)] SuspendThread: Access is denied. (0x5)
[0606/191635.734:ERROR:process_reader_win.cc(151)] SuspendThread: Access is denied. (0x5)
[0606/191635.734:ERROR:process_reader_win.cc(151)] SuspendThread: Access is denied. (0x5)
[0606/191635.734:ERROR:process_reader_win.cc(151)] SuspendThread: Access is denied. (0x5)
[0606/191635.734:ERROR:process_reader_win.cc(151)] SuspendThread: Access is denied. (0x5)
[0606/191635.734:ERROR:process_reader_win.cc(151)] SuspendThread: Access is denied. (0x5)
[0606/191635.734:ERROR:process_reader_win.cc(151)] SuspendThread: Access is denied. (0x5)
[0606/191635.734:ERROR:process_reader_win.cc(151)] SuspendThread: Access is denied. (0x5)
[0606/191635.726:ERROR:process_reader_win.cc(123)] NtOpenThread: {Access Denied} A process has requested access to an object, but has not been granted those access rights. (0xc0000022)
[0606/191635.734:ERROR:process_reader_win.cc(123)] NtOpenThread: {Access Denied} A process has requested access to an object, but has not been granted those access rights. (0xc0000022)
[0606/191635.746:ERROR:exception_snapshot_win.cc(98)] thread ID 7352 not found in process
[0606/191635.746:ERROR:exception_snapshot_win.cc(98)] thread ID 17112 not found in process
[0606/191635.746:ERROR:process_reader_win.cc(123)] NtOpenThread: {Access Denied} A process has requested access to an object, but has not been granted those access rights. (0xc0000022)
[0606/191635.750:ERROR:exception_snapshot_win.cc(98)] thread ID 16560 not found in process
[0606/191635.742:ERROR:process_reader_win.cc(123)] NtOpenThread: {Access Denied} A process has requested access to an object, but has not been granted those access rights. (0xc0000022)
[0606/191635.734:ERROR:process_reader_win.cc(123)] NtOpenThread: {Access Denied} A process has requested access to an object, but has not been granted those access rights. (0xc0000022)
[0606/191635.754:ERROR:exception_snapshot_win.cc(98)] thread ID 6992 not found in process
[0606/191635.758:ERROR:exception_snapshot_win.cc(98)] thread ID 16848 not found in process
[0606/191635.782:ERROR:process_reader_win.cc(123)] NtOpenThread: {Access Denied} A process has requested access to an object, but has not been granted those access rights. (0xc0000022)
[0606/191635.782:ERROR:exception_snapshot_win.cc(98)] thread ID 16280 not found in process
[0606/191635.786:ERROR:process_reader_win.cc(123)] NtOpenThread: {Access Denied} A process has requested access to an object, but has not been granted those access rights. (0xc0000022)
[0606/191635.786:ERROR:exception_snapshot_win.cc(98)] thread ID 3560 not found in process
[0606/191635.794:ERROR:process_reader_win.cc(123)] NtOpenThread: {Access Denied} A process has requested access to an object, but has not been granted those access rights. (0xc0000022)
[0606/191635.794:ERROR:exception_snapshot_win.cc(98)] thread ID 3064 not found in process
[0606/191635.818:ERROR:process_reader_win.cc(123)] NtOpenThread: {Access Denied} A process has requested access to an object, but has not been granted those access rights. (0xc0000022)
[0606/191635.818:ERROR:exception_snapshot_win.cc(98)] thread ID 12852 not found in process
[0606/191635.818:ERROR:process_reader_win.cc(123)] NtOpenThread: {Access Denied} A process has requested access to an object, but has not been granted those access rights. (0xc0000022)
[0606/191635.818:ERROR:exception_snapshot_win.cc(98)] thread ID 4564 not found in process
[0606/191635.826:ERROR:process_reader_win.cc(123)] NtOpenThread: {Access Denied} A process has requested access to an object, but has not been granted those access rights. (0xc0000022)
[0606/191635.826:ERROR:exception_snapshot_win.cc(98)] thread ID 9656 not found in process
[0606/191635.830:ERROR:process_reader_win.cc(123)] NtOpenThread: {Access Denied} A process has requested access to an object, but has not been granted those access rights. (0xc0000022)
[0606/191635.834:ERROR:exception_snapshot_win.cc(98)] thread ID 10048 not found in process
[0606/191635.818:ERROR:process_reader_win.cc(123)] NtOpenThread: {Access Denied} A process has requested access to an object, but has not been granted those access rights. (0xc0000022)
[0606/191635.834:ERROR:exception_snapshot_win.cc(98)] thread ID 8224 not found in process
[0606/191635.842:ERROR:process_reader_win.cc(123)] NtOpenThread: {Access Denied} A process has requested access to an object, but has not been granted those access rights. (0xc0000022)
[0606/191635.842:ERROR:exception_snapshot_win.cc(98)] thread ID 3148 not found in process
[0606/191635.862:ERROR:process_reader_win.cc(123)] NtOpenThread: {Access Denied} A process has requested access to an object, but has not been granted those access rights. (0xc0000022)
[0606/191635.862:ERROR:exception_snapshot_win.cc(98)] thread ID 14200 not found in process
[0606/191635.870:ERROR:process_reader_win.cc(123)] NtOpenThread: {Access Denied} A process has requested access to an object, but has not been granted those access rights. (0xc0000022)
[0606/191635.862:ERROR:process_reader_win.cc(123)] NtOpenThread: {Access Denied} A process has requested access to an object, but has not been granted those access rights. (0xc0000022)
[0606/191635.870:ERROR:exception_snapshot_win.cc(98)] thread ID 2588 not found in process
[0606/191635.870:ERROR:exception_snapshot_win.cc(98)] thread ID 9264 not found in process
[0606/191635.870:ERROR:process_reader_win.cc(123)] NtOpenThread: {Access Denied} A process has requested access to an object, but has not been granted those access rights. (0xc0000022)
[0606/191635.870:ERROR:exception_snapshot_win.cc(98)] thread ID 8240 not found in process
[0606/191635.874:ERROR:process_reader_win.cc(123)] NtOpenThread: {Access Denied} A process has requested access to an object, but has not been granted those access rights. (0xc0000022)
[0606/191635.874:ERROR:exception_snapshot_win.cc(98)] thread ID 18544 not found in process
[0606/191635.894:ERROR:process_reader_win.cc(123)] NtOpenThread: {Access Denied} A process has requested access to an object, but has not been granted those access rights. (0xc0000022)
[0606/191635.894:ERROR:exception_snapshot_win.cc(98)] thread ID 8032 not found in process
[0703/074803.682:ERROR:process_memory_win.cc(73)] ReadMemory at 0x1681f5000 of 45056 bytes failed: Only part of a ReadProcessMemory or WriteProcessMemory request was completed. (0x12B)
[0703/074803.713:ERROR:process_memory_win.cc(73)] ReadMemory at 0x1689fd000 of 12288 bytes failed: Only part of a ReadProcessMemory or WriteProcessMemory request was completed. (0x12B)
[0703/074803.713:ERROR:process_memory_win.cc(73)] ReadMemory at 0x1691fa000 of 24576 bytes failed: Only part of a ReadProcessMemory or WriteProcessMemory request was completed. (0x12B)
[0703/074803.713:ERROR:process_memory_win.cc(73)] ReadMemory at 0x1699fc000 of 16384 bytes failed: Only part of a ReadProcessMemory or WriteProcessMemory request was completed. (0x12B)
[0703/074803.713:ERROR:process_memory_win.cc(73)] ReadMemory at 0x16a1fc000 of 16384 bytes failed: Only part of a ReadProcessMemory or WriteProcessMemory request was completed. (0x12B)
[0703/074803.714:ERROR:process_memory_win.cc(73)] ReadMemory at 0x16a9ff000 of 4096 bytes failed: Only part of a ReadProcessMemory or WriteProcessMemory request was completed. (0x12B)
[0703/074803.714:ERROR:process_memory_win.cc(73)] ReadMemory at 0x16b1fd000 of 12288 bytes failed: Only part of a ReadProcessMemory or WriteProcessMemory request was completed. (0x12B)
[0703/074803.714:ERROR:process_memory_win.cc(73)] ReadMemory at 0x16b9fb000 of 20480 bytes failed: Only part of a ReadProcessMemory or WriteProcessMemory request was completed. (0x12B)
[0703/074803.714:ERROR:process_memory_win.cc(73)] ReadMemory at 0x16c1fd000 of 12288 bytes failed: Only part of a ReadProcessMemory or WriteProcessMemory request was completed. (0x12B)
[0703/074803.714:ERROR:process_memory_win.cc(73)] ReadMemory at 0x16c9fd000 of 12288 bytes failed: Only part of a ReadProcessMemory or WriteProcessMemory request was completed. (0x12B)
[0703/074803.714:ERROR:process_memory_win.cc(73)] ReadMemory at 0x16d1fd000 of 12288 bytes failed: Only part of a ReadProcessMemory or WriteProcessMemory request was completed. (0x12B)
[0703/074803.715:ERROR:process_memory_win.cc(73)] ReadMemory at 0x16d9fd000 of 12288 bytes failed: Only part of a ReadProcessMemory or WriteProcessMemory request was completed. (0x12B)
[0703/074803.715:ERROR:process_memory_win.cc(73)] ReadMemory at 0x16e1fa000 of 24576 bytes failed: Only part of a ReadProcessMemory or WriteProcessMemory request was completed. (0x12B)
[0703/074803.715:ERROR:process_memory_win.cc(73)] ReadMemory at 0x16e9fa000 of 24576 bytes failed: Only part of a ReadProcessMemory or WriteProcessMemory request was completed. (0x12B)
[0703/074803.715:ERROR:process_memory_win.cc(73)] ReadMemory at 0x16f1fd000 of 12288 bytes failed: Only part of a ReadProcessMemory or WriteProcessMemory request was completed. (0x12B)
[0703/074803.715:ERROR:process_memory_win.cc(73)] ReadMemory at 0x16791c000 of 852 bytes failed: Only part of a ReadProcessMemory or WriteProcessMemory request was completed. (0x12B)
[0703/074803.715:ERROR:process_memory_win.cc(73)] ReadMemory at 0x16791d000 of 6024 bytes failed: Only part of a ReadProcessMemory or WriteProcessMemory request was completed. (0x12B)
[0703/074803.715:ERROR:process_memory_win.cc(73)] ReadMemory at 0x16791f000 of 6024 bytes failed: Only part of a ReadProcessMemory or WriteProcessMemory request was completed. (0x12B)
[0703/074803.715:ERROR:process_memory_win.cc(73)] ReadMemory at 0x167921000 of 6024 bytes failed: Only part of a ReadProcessMemory or WriteProcessMemory request was completed. (0x12B)
[0703/074803.716:ERROR:process_memory_win.cc(73)] ReadMemory at 0x167923000 of 6024 bytes failed: Only part of a ReadProcessMemory or WriteProcessMemory request was completed. (0x12B)
[0703/074803.716:ERROR:process_memory_win.cc(73)] ReadMemory at 0x167925000 of 6024 bytes failed: Only part of a ReadProcessMemory or WriteProcessMemory request was completed. (0x12B)
[0703/074803.716:ERROR:process_memory_win.cc(73)] ReadMemory at 0x167927000 of 6024 bytes failed: Only part of a ReadProcessMemory or WriteProcessMemory request was completed. (0x12B)
[0703/074803.716:ERROR:process_memory_win.cc(73)] ReadMemory at 0x167929000 of 6024 bytes failed: Only part of a ReadProcessMemory or WriteProcessMemory request was completed. (0x12B)
[0703/074803.716:ERROR:process_memory_win.cc(73)] ReadMemory at 0x16792b000 of 6024 bytes failed: Only part of a ReadProcessMemory or WriteProcessMemory request was completed. (0x12B)
[0703/074803.716:ERROR:process_memory_win.cc(73)] ReadMemory at 0x16792d000 of 6024 bytes failed: Only part of a ReadProcessMemory or WriteProcessMemory request was completed. (0x12B)
[0703/074803.716:ERROR:process_memory_win.cc(73)] ReadMemory at 0x16792f000 of 6024 bytes failed: Only part of a ReadProcessMemory or WriteProcessMemory request was completed. (0x12B)
[0703/074803.716:ERROR:process_memory_win.cc(73)] ReadMemory at 0x167931000 of 6024 bytes failed: Only part of a ReadProcessMemory or WriteProcessMemory request was completed. (0x12B)
[0703/074803.717:ERROR:process_memory_win.cc(73)] ReadMemory at 0x167933000 of 6024 bytes failed: Only part of a ReadProcessMemory or WriteProcessMemory request was completed. (0x12B)
[0703/074803.717:ERROR:process_memory_win.cc(73)] ReadMemory at 0x167935000 of 6024 bytes failed: Only part of a ReadProcessMemory or WriteProcessMemory request was completed. (0x12B)
[0703/074803.717:ERROR:process_memory_win.cc(73)] ReadMemory at 0x167937000 of 6024 bytes failed: Only part of a ReadProcessMemory or WriteProcessMemory request was completed. (0x12B)
[0703/074803.717:ERROR:process_memory_win.cc(73)] ReadMemory at 0x167939000 of 6024 bytes failed: Only part of a ReadProcessMemory or WriteProcessMemory request was completed. (0x12B)
[0703/074803.717:ERROR:process_memory_win.cc(73)] ReadMemory at 0x14f522ac2f4 of 512 bytes failed: Only part of a ReadProcessMemory or WriteProcessMemory request was completed. (0x12B)
[0703/074803.717:ERROR:process_memory_win.cc(73)] ReadMemory at 0x14f52300750 of 80 bytes failed: Only part of a ReadProcessMemory or WriteProcessMemory request was completed. (0x12B)
[0703/074803.717:ERROR:process_memory_win.cc(73)] ReadMemory at 0x14f52300fe0 of 4206 bytes failed: Only part of a ReadProcessMemory or WriteProcessMemory request was completed. (0x12B)
[0703/074803.718:ERROR:process_memory_win.cc(73)] ReadMemory at 0x14f52302060 of 1012 bytes failed: Only part of a ReadProcessMemory or WriteProcessMemory request was completed. (0x12B)
[0703/074803.718:ERROR:process_memory_win.cc(73)] ReadMemory at 0x14f523026a8 of 118 bytes failed: Only part of a ReadProcessMemory or WriteProcessMemory request was completed. (0x12B)
[0703/074803.718:ERROR:process_memory_win.cc(73)] ReadMemory at 0x14f52302720 of 1256 bytes failed: Only part of a ReadProcessMemory or WriteProcessMemory request was completed. (0x12B)
[0703/074803.718:ERROR:process_memory_win.cc(73)] ReadMemory at 0x14f52302c0a of 118 bytes failed: Only part of a ReadProcessMemory or WriteProcessMemory request was completed. (0x12B)
[0703/074803.718:ERROR:process_memory_win.cc(73)] ReadMemory at 0x14f52302c82 of 102 bytes failed: Only part of a ReadProcessMemory or WriteProcessMemory request was completed. (0x12B)
[0703/074803.718:ERROR:process_memory_win.cc(73)] ReadMemory at 0x14f52302d00 of 58 bytes failed: Only part of a ReadProcessMemory or WriteProcessMemory request was completed. (0x12B)
[0703/074803.718:ERROR:process_memory_win.cc(73)] ReadMemory at 0x14f52302e00 of 132 bytes failed: Only part of a ReadProcessMemory or WriteProcessMemory request was completed. (0x12B)
[0703/074803.718:ERROR:process_memory_win.cc(73)] ReadMemory at 0x14f52302f90 of 132 bytes failed: Only part of a ReadProcessMemory or WriteProcessMemory request was completed. (0x12B)
[0703/074803.718:ERROR:process_memory_win.cc(73)] ReadMemory at 0x14f52303150 of 126 bytes failed: Only part of a ReadProcessMemory or WriteProcessMemory request was completed. (0x12B)
[0703/074803.719:ERROR:process_memory_win.cc(73)] ReadMemory at 0x14f52303530 of 132 bytes failed: Only part of a ReadProcessMemory or WriteProcessMemory request was completed. (0x12B)
[0703/074803.719:ERROR:process_memory_win.cc(73)] ReadMemory at 0x14f523036c0 of 64 bytes failed: Only part of a ReadProcessMemory or WriteProcessMemory request was completed. (0x12B)
[0703/074803.719:ERROR:process_memory_win.cc(73)] ReadMemory at 0x14f52303710 of 132 bytes failed: Only part of a ReadProcessMemory or WriteProcessMemory request was completed. (0x12B)
[0703/074803.719:ERROR:process_memory_win.cc(73)] ReadMemory at 0x14f52303b20 of 132 bytes failed: Only part of a ReadProcessMemory or WriteProcessMemory request was completed. (0x12B)
[0703/074803.719:ERROR:process_memory_win.cc(73)] ReadMemory at 0x14f52303cb0 of 68 bytes failed: Only part of a ReadProcessMemory or WriteProcessMemory request was completed. (0x12B)
[0703/074803.719:ERROR:process_memory_win.cc(73)] ReadMemory at 0x14f52304f00 of 132 bytes failed: Only part of a ReadProcessMemory or WriteProcessMemory request was completed. (0x12B)
[0703/074803.719:ERROR:process_memory_win.cc(73)] ReadMemory at 0x14f52305030 of 154 bytes failed: Only part of a ReadProcessMemory or WriteProcessMemory request was completed. (0x12B)
[0703/074803.719:ERROR:process_memory_win.cc(73)] ReadMemory at 0x14f52305d70 of 60 bytes failed: Only part of a ReadProcessMemory or WriteProcessMemory request was completed. (0x12B)
[0703/074803.720:ERROR:process_memory_win.cc(73)] ReadMemory at 0x14f52305de0 of 62 bytes failed: Only part of a ReadProcessMemory or WriteProcessMemory request was completed. (0x12B)
[0703/074803.720:ERROR:process_memory_win.cc(73)] ReadMemory at 0x14f52305e30 of 132 bytes failed: Only part of a ReadProcessMemory or WriteProcessMemory request was completed. (0x12B)
[0703/074803.720:ERROR:process_memory_win.cc(73)] ReadMemory at 0x14f52305fd0 of 132 bytes failed: Only part of a ReadProcessMemory or WriteProcessMemory request was completed. (0x12B)
[0703/074803.720:ERROR:process_memory_win.cc(73)] ReadMemory at 0x14f52308390 of 132 bytes failed: Only part of a ReadProcessMemory or WriteProcessMemory request was completed. (0x12B)
[0703/074803.720:ERROR:process_memory_win.cc(73)] ReadMemory at 0x14f5230b380 of 60 bytes failed: Only part of a ReadProcessMemory or WriteProcessMemory request was completed. (0x12B)
[0703/074803.720:ERROR:process_memory_win.cc(73)] ReadMemory at 0x14f5230b420 of 64 bytes failed: Only part of a ReadProcessMemory or WriteProcessMemory request was completed. (0x12B)
[0703/074803.720:ERROR:process_memory_win.cc(73)] ReadMemory at 0x14f5230b4c0 of 64 bytes failed: Only part of a ReadProcessMemory or WriteProcessMemory request was completed. (0x12B)
[0703/074803.721:ERROR:process_memory_win.cc(73)] ReadMemory at 0x14f5230b560 of 60 bytes failed: Only part of a ReadProcessMemory or WriteProcessMemory request was completed. (0x12B)
[0703/074803.721:ERROR:process_memory_win.cc(73)] ReadMemory at 0x14f5230b600 of 66 bytes failed: Only part of a ReadProcessMemory or WriteProcessMemory request was completed. (0x12B)
[0703/074803.721:ERROR:process_memory_win.cc(73)] ReadMemory at 0x14f5230b6f0 of 62 bytes failed: Only part of a ReadProcessMemory or WriteProcessMemory request was completed. (0x12B)
[0703/074803.721:ERROR:process_memory_win.cc(73)] ReadMemory at 0x14f5230b740 of 62 bytes failed: Only part of a ReadProcessMemory or WriteProcessMemory request was completed. (0x12B)
[0703/074803.721:ERROR:process_memory_win.cc(73)] ReadMemory at 0x14f5230b7e0 of 64 bytes failed: Only part of a ReadProcessMemory or WriteProcessMemory request was completed. (0x12B)
[0703/074803.721:ERROR:process_memory_win.cc(73)] ReadMemory at 0x14f5230b830 of 64 bytes failed: Only part of a ReadProcessMemory or WriteProcessMemory request was completed. (0x12B)
[0703/074803.721:ERROR:process_memory_win.cc(73)] ReadMemory at 0x14f5230ba50 of 132 bytes failed: Only part of a ReadProcessMemory or WriteProcessMemory request was completed. (0x12B)
[0703/074803.721:ERROR:process_memory_win.cc(73)] ReadMemory at 0x14f5230bcc0 of 132 bytes failed: Only part of a ReadProcessMemory or WriteProcessMemory request was completed. (0x12B)
[0703/074803.722:ERROR:process_memory_win.cc(73)] ReadMemory at 0x14f5230c6e0 of 132 bytes failed: Only part of a ReadProcessMemory or WriteProcessMemory request was completed. (0x12B)
[0703/074803.722:ERROR:process_memory_win.cc(73)] ReadMemory at 0x14f5230ca10 of 132 bytes failed: Only part of a ReadProcessMemory or WriteProcessMemory request was completed. (0x12B)
[0703/074803.722:ERROR:process_memory_win.cc(73)] ReadMemory at 0x14f5230cb40 of 132 bytes failed: Only part of a ReadProcessMemory or WriteProcessMemory request was completed. (0x12B)
[0703/074803.722:ERROR:process_memory_win.cc(73)] ReadMemory at 0x14f5230cc70 of 132 bytes failed: Only part of a ReadProcessMemory or WriteProcessMemory request was completed. (0x12B)
[0703/074803.722:ERROR:process_memory_win.cc(73)] ReadMemory at 0x14f5230cda0 of 132 bytes failed: Only part of a ReadProcessMemory or WriteProcessMemory request was completed. (0x12B)
[0703/074803.722:ERROR:process_memory_win.cc(73)] ReadMemory at 0x14f5230ced0 of 132 bytes failed: Only part of a ReadProcessMemory or WriteProcessMemory request was completed. (0x12B)
[0703/074803.722:ERROR:process_memory_win.cc(73)] ReadMemory at 0x14f5230d000 of 132 bytes failed: Only part of a ReadProcessMemory or WriteProcessMemory request was completed. (0x12B)
[0703/074803.723:ERROR:process_memory_win.cc(73)] ReadMemory at 0x14f5230d260 of 132 bytes failed: Only part of a ReadProcessMemory or WriteProcessMemory request was completed. (0x12B)
[0703/074803.723:ERROR:process_memory_win.cc(73)] ReadMemory at 0x14f5230d390 of 132 bytes failed: Only part of a ReadProcessMemory or WriteProcessMemory request was completed. (0x12B)
[0703/074803.723:ERROR:process_memory_win.cc(73)] ReadMemory at 0x14f5230d4c0 of 132 bytes failed: Only part of a ReadProcessMemory or WriteProcessMemory request was completed. (0x12B)
[0703/074803.723:ERROR:process_memory_win.cc(73)] ReadMemory at 0x14f5230d5f0 of 132 bytes failed: Only part of a ReadProcessMemory or WriteProcessMemory request was completed. (0x12B)
[0703/074803.723:ERROR:process_memory_win.cc(73)] ReadMemory at 0x14f5230d720 of 132 bytes failed: Only part of a ReadProcessMemory or WriteProcessMemory request was completed. (0x12B)
[0703/074803.723:ERROR:process_memory_win.cc(73)] ReadMemory at 0x14f5230d850 of 132 bytes failed: Only part of a ReadProcessMemory or WriteProcessMemory request was completed. (0x12B)
[0703/074803.723:ERROR:process_memory_win.cc(73)] ReadMemory at 0x14f5230f670 of 132 bytes failed: Only part of a ReadProcessMemory or WriteProcessMemory request was completed. (0x12B)
[0703/074803.724:ERROR:process_memory_win.cc(73)] ReadMemory at 0x14f5230f7a0 of 146 bytes failed: Only part of a ReadProcessMemory or WriteProcessMemory request was completed. (0x12B)
[0703/074803.787:ERROR:process_memory_win.cc(73)] ReadMemory at 0x14f52311730 of 132 bytes failed: Only part of a ReadProcessMemory or WriteProcessMemory request was completed. (0x12B)
[0703/074803.787:ERROR:process_memory_win.cc(73)] ReadMemory at 0x14f52313fb0 of 54 bytes failed: Only part of a ReadProcessMemory or WriteProcessMemory request was completed. (0x12B)
[0703/074803.787:ERROR:process_memory_win.cc(73)] ReadMemory at 0x14f52314720 of 132 bytes failed: Only part of a ReadProcessMemory or WriteProcessMemory request was completed. (0x12B)
[0703/074803.787:ERROR:process_memory_win.cc(73)] ReadMemory at 0x14f52314a70 of 132 bytes failed: Only part of a ReadProcessMemory or WriteProcessMemory request was completed. (0x12B)
[0703/074803.787:ERROR:process_memory_win.cc(73)] ReadMemory at 0x14f52314c90 of 132 bytes failed: Only part of a ReadProcessMemory or WriteProcessMemory request was completed. (0x12B)
[0703/074803.787:ERROR:process_memory_win.cc(73)] ReadMemory at 0x14f52315890 of 78 bytes failed: Only part of a ReadProcessMemory or WriteProcessMemory request was completed. (0x12B)
[0703/074803.787:ERROR:process_memory_win.cc(73)] ReadMemory at 0x14f52315d70 of 76 bytes failed: Only part of a ReadProcessMemory or WriteProcessMemory request was completed. (0x12B)
[0703/074803.787:ERROR:process_memory_win.cc(73)] ReadMemory at 0x14f52315dd0 of 80 bytes failed: Only part of a ReadProcessMemory or WriteProcessMemory request was completed. (0x12B)
[0703/074803.788:ERROR:process_memory_win.cc(73)] ReadMemory at 0x14f52316190 of 62 bytes failed: Only part of a ReadProcessMemory or WriteProcessMemory request was completed. (0x12B)
[0703/074803.788:ERROR:process_memory_win.cc(73)] ReadMemory at 0x14f523161e0 of 62 bytes failed: Only part of a ReadProcessMemory or WriteProcessMemory request was completed. (0x12B)
[0703/074803.788:ERROR:process_memory_win.cc(73)] ReadMemory at 0x14f52316230 of 60 bytes failed: Only part of a ReadProcessMemory or WriteProcessMemory request was completed. (0x12B)
[0703/074803.788:ERROR:process_memory_win.cc(73)] ReadMemory at 0x14f52316320 of 62 bytes failed: Only part of a ReadProcessMemory or WriteProcessMemory request was completed. (0x12B)
[0703/074803.788:ERROR:process_memory_win.cc(73)] ReadMemory at 0x14f52316460 of 58 bytes failed: Only part of a ReadProcessMemory or WriteProcessMemory request was completed. (0x12B)
[0703/074803.788:ERROR:process_memory_win.cc(73)] ReadMemory at 0x14f52316500 of 62 bytes failed: Only part of a ReadProcessMemory or WriteProcessMemory request was completed. (0x12B)
[0703/074803.788:ERROR:process_memory_win.cc(73)] ReadMemory at 0x14f52316780 of 64 bytes failed: Only part of a ReadProcessMemory or WriteProcessMemory request was completed. (0x12B)
[0703/074803.788:ERROR:process_memory_win.cc(73)] ReadMemory at 0x14f52316820 of 60 bytes failed: Only part of a ReadProcessMemory or WriteProcessMemory request was completed. (0x12B)
[0703/074803.789:ERROR:process_memory_win.cc(73)] ReadMemory at 0x14f523169b0 of 62 bytes failed: Only part of a ReadProcessMemory or WriteProcessMemory request was completed. (0x12B)
[0703/074803.789:ERROR:process_memory_win.cc(73)] ReadMemory at 0x14f52316a00 of 64 bytes failed: Only part of a ReadProcessMemory or WriteProcessMemory request was completed. (0x12B)
[0703/074803.789:ERROR:process_memory_win.cc(73)] ReadMemory at 0x14f52316a50 of 62 bytes failed: Only part of a ReadProcessMemory or WriteProcessMemory request was completed. (0x12B)
[0703/074803.789:ERROR:process_memory_win.cc(73)] ReadMemory at 0x14f52316aa0 of 66 bytes failed: Only part of a ReadProcessMemory or WriteProcessMemory request was completed. (0x12B)
[0703/074803.789:ERROR:process_memory_win.cc(73)] ReadMemory at 0x14f52316af0 of 60 bytes failed: Only part of a ReadProcessMemory or WriteProcessMemory request was completed. (0x12B)
[0703/074803.789:ERROR:process_memory_win.cc(73)] ReadMemory at 0x14f52316b40 of 64 bytes failed: Only part of a ReadProcessMemory or WriteProcessMemory request was completed. (0x12B)
[0703/074803.789:ERROR:process_memory_win.cc(73)] ReadMemory at 0x14f52316c30 of 62 bytes failed: Only part of a ReadProcessMemory or WriteProcessMemory request was completed. (0x12B)
[0703/074803.789:ERROR:process_memory_win.cc(73)] ReadMemory at 0x14f52316d20 of 64 bytes failed: Only part of a ReadProcessMemory or WriteProcessMemory request was completed. (0x12B)
[0703/074803.790:ERROR:process_memory_win.cc(73)] ReadMemory at 0x14f52316d70 of 62 bytes failed: Only part of a ReadProcessMemory or WriteProcessMemory request was completed. (0x12B)
[0703/074803.790:ERROR:process_memory_win.cc(73)] ReadMemory at 0x14f52316dc0 of 62 bytes failed: Only part of a ReadProcessMemory or WriteProcessMemory request was completed. (0x12B)
[0703/074803.790:ERROR:process_memory_win.cc(73)] ReadMemory at 0x14f52316e10 of 60 bytes failed: Only part of a ReadProcessMemory or WriteProcessMemory request was completed. (0x12B)
[0703/074803.790:ERROR:process_memory_win.cc(73)] ReadMemory at 0x14f52317020 of 132 bytes failed: Only part of a ReadProcessMemory or WriteProcessMemory request was completed. (0x12B)
[0703/074803.790:ERROR:process_memory_win.cc(73)] ReadMemory at 0x14f52317150 of 132 bytes failed: Only part of a ReadProcessMemory or WriteProcessMemory request was completed. (0x12B)
[0703/074803.790:ERROR:process_memory_win.cc(73)] ReadMemory at 0x14f52317280 of 132 bytes failed: Only part of a ReadProcessMemory or WriteProcessMemory request was completed. (0x12B)
[0703/074803.790:ERROR:process_memory_win.cc(73)] ReadMemory at 0x14f523174e0 of 132 bytes failed: Only part of a ReadProcessMemory or WriteProcessMemory request was completed. (0x12B)
[0703/074803.790:ERROR:process_memory_win.cc(73)] ReadMemory at 0x14f52317740 of 132 bytes failed: Only part of a ReadProcessMemory or WriteProcessMemory request was completed. (0x12B)
[0703/074803.791:ERROR:process_memory_win.cc(73)] ReadMemory at 0x14f52317c00 of 132 bytes failed: Only part of a ReadProcessMemory or WriteProcessMemory request was completed. (0x12B)
[0703/074803.791:ERROR:process_memory_win.cc(73)] ReadMemory at 0x14f52317d30 of 132 bytes failed: Only part of a ReadProcessMemory or WriteProcessMemory request was completed. (0x12B)
[0703/074803.791:ERROR:process_memory_win.cc(73)] ReadMemory at 0x14f52317e60 of 132 bytes failed: Only part of a ReadProcessMemory or WriteProcessMemory request was completed. (0x12B)
[0703/074803.791:ERROR:process_memory_win.cc(73)] ReadMemory at 0x14f52317f90 of 132 bytes failed: Only part of a ReadProcessMemory or WriteProcessMemory request was completed. (0x12B)
[0703/074803.791:ERROR:process_memory_win.cc(73)] ReadMemory at 0x14f523180c0 of 132 bytes failed: Only part of a ReadProcessMemory or WriteProcessMemory request was completed. (0x12B)
[0703/074803.791:ERROR:process_memory_win.cc(73)] ReadMemory at 0x14f523181f0 of 132 bytes failed: Only part of a ReadProcessMemory or WriteProcessMemory request was completed. (0x12B)
[0703/074803.791:ERROR:process_memory_win.cc(73)] ReadMemory at 0x14f52318320 of 132 bytes failed: Only part of a ReadProcessMemory or WriteProcessMemory request was completed. (0x12B)
[0703/074803.791:ERROR:process_memory_win.cc(73)] ReadMemory at 0x14f52318450 of 132 bytes failed: Only part of a ReadProcessMemory or WriteProcessMemory request was completed. (0x12B)
[0703/074803.792:ERROR:process_memory_win.cc(73)] ReadMemory at 0x14f52318580 of 132 bytes failed: Only part of a ReadProcessMemory or WriteProcessMemory request was completed. (0x12B)
[0703/074803.792:ERROR:process_memory_win.cc(73)] ReadMemory at 0x14f523186b0 of 132 bytes failed: Only part of a ReadProcessMemory or WriteProcessMemory request was completed. (0x12B)
[0703/074803.792:ERROR:process_memory_win.cc(73)] ReadMemory at 0x14f523187e0 of 132 bytes failed: Only part of a ReadProcessMemory or WriteProcessMemory request was completed. (0x12B)
[0703/074803.792:ERROR:process_memory_win.cc(73)] ReadMemory at 0x14f52318910 of 132 bytes failed: Only part of a ReadProcessMemory or WriteProcessMemory request was completed. (0x12B)
[0703/074803.792:ERROR:process_memory_win.cc(73)] ReadMemory at 0x14f52318a40 of 132 bytes failed: Only part of a ReadProcessMemory or WriteProcessMemory request was completed. (0x12B)
[0703/074803.792:ERROR:process_memory_win.cc(73)] ReadMemory at 0x14f52318b70 of 132 bytes failed: Only part of a ReadProcessMemory or WriteProcessMemory request was completed. (0x12B)
[0703/074803.792:ERROR:process_memory_win.cc(73)] ReadMemory at 0x14f52318ca0 of 132 bytes failed: Only part of a ReadProcessMemory or WriteProcessMemory request was completed. (0x12B)
[0703/074803.793:ERROR:process_memory_win.cc(73)] ReadMemory at 0x14f52318dd0 of 132 bytes failed: Only part of a ReadProcessMemory or WriteProcessMemory request was completed. (0x12B)
[0703/074803.793:ERROR:process_memory_win.cc(73)] ReadMemory at 0x14f5232d3d0 of 58 bytes failed: Only part of a ReadProcessMemory or WriteProcessMemory request was completed. (0x12B)
[0703/074803.793:ERROR:process_memory_win.cc(73)] ReadMemory at 0x14f5232d650 of 62 bytes failed: Only part of a ReadProcessMemory or WriteProcessMemory request was completed. (0x12B)
[0703/074803.793:ERROR:process_memory_win.cc(73)] ReadMemory at 0x14f5232d6f0 of 62 bytes failed: Only part of a ReadProcessMemory or WriteProcessMemory request was completed. (0x12B)
[0703/074803.793:ERROR:process_memory_win.cc(73)] ReadMemory at 0x14f5232d9c0 of 64 bytes failed: Only part of a ReadProcessMemory or WriteProcessMemory request was completed. (0x12B)
[0703/074803.793:ERROR:process_memory_win.cc(73)] ReadMemory at 0x14f5232df60 of 66 bytes failed: Only part of a ReadProcessMemory or WriteProcessMemory request was completed. (0x12B)
[0703/074803.793:ERROR:process_memory_win.cc(73)] ReadMemory at 0x14f5232e0f0 of 60 bytes failed: Only part of a ReadProcessMemory or WriteProcessMemory request was completed. (0x12B)
[0703/074803.793:ERROR:process_memory_win.cc(73)] ReadMemory at 0x14f5232e1e0 of 60 bytes failed: Only part of a ReadProcessMemory or WriteProcessMemory request was completed. (0x12B)
[0703/074803.793:ERROR:process_memory_win.cc(73)] ReadMemory at 0x14f5232e2d0 of 58 bytes failed: Only part of a ReadProcessMemory or WriteProcessMemory request was completed. (0x12B)
[0703/074803.794:ERROR:process_memory_win.cc(73)] ReadMemory at 0x14f5232e320 of 58 bytes failed: Only part of a ReadProcessMemory or WriteProcessMemory request was completed. (0x12B)
[0703/074803.794:ERROR:process_memory_win.cc(73)] ReadMemory at 0x14f523339a0 of 512 bytes failed: Only part of a ReadProcessMemory or WriteProcessMemory request was completed. (0x12B)
[0703/074803.794:ERROR:process_memory_win.cc(73)] ReadMemory at 0x14f52339b50 of 512 bytes failed: Only part of a ReadProcessMemory or WriteProcessMemory request was completed. (0x12B)
[0703/074803.794:ERROR:process_memory_win.cc(73)] ReadMemory at 0x14f525b1180 of 512 bytes failed: Only part of a ReadProcessMemory or WriteProcessMemory request was completed. (0x12B)
[0703/074803.794:ERROR:process_memory_win.cc(73)] ReadMemory at 0x14f525b3340 of 512 bytes failed: Only part of a ReadProcessMemory or WriteProcessMemory request was completed. (0x12B)
[0703/074803.794:ERROR:process_memory_win.cc(73)] ReadMemory at 0x14f529bef50 of 512 bytes failed: Only part of a ReadProcessMemory or WriteProcessMemory request was completed. (0x12B)
[0703/074803.794:ERROR:process_memory_win.cc(73)] ReadMemory at 0x14f529cbd30 of 1216 bytes failed: Only part of a ReadProcessMemory or WriteProcessMemory request was completed. (0x12B)
[0703/074803.795:ERROR:process_memory_win.cc(73)] ReadMemory at 0x14f529d84b0 of 512 bytes failed: Only part of a ReadProcessMemory or WriteProcessMemory request was completed. (0x12B)
[0703/074803.795:ERROR:process_memory_win.cc(73)] ReadMemory at 0x14f529d9f00 of 512 bytes failed: Only part of a ReadProcessMemory or WriteProcessMemory request was completed. (0x12B)
[0703/074803.795:ERROR:process_memory_win.cc(73)] ReadMemory at 0x14f542b9e90 of 512 bytes failed: Only part of a ReadProcessMemory or WriteProcessMemory request was completed. (0x12B)
[0703/074803.795:ERROR:process_memory_win.cc(73)] ReadMemory at 0x14f542f9c30 of 512 bytes failed: Only part of a ReadProcessMemory or WriteProcessMemory request was completed. (0x12B)
[0703/074803.795:ERROR:process_memory_win.cc(73)] ReadMemory at 0x14f54b81a30 of 512 bytes failed: Only part of a ReadProcessMemory or WriteProcessMemory request was completed. (0x12B)
[0703/074803.795:ERROR:process_memory_win.cc(73)] ReadMemory at 0x75e1ea889c08 of 512 bytes failed: Only part of a ReadProcessMemory or WriteProcessMemory request was completed. (0x12B)
[0703/074803.796:ERROR:process_memory_win.cc(73)] ReadMemory at 0x7ffcde462a10 of 512 bytes failed: Only part of a ReadProcessMemory or WriteProcessMemory request was completed. (0x12B)
[0703/074803.796:ERROR:process_memory_win.cc(73)] ReadMemory at 0x7ffcde7481ee of 512 bytes failed: Only part of a ReadProcessMemory or WriteProcessMemory request was completed. (0x12B)
[0703/074803.796:ERROR:process_memory_win.cc(73)] ReadMemory at 0x7ffcded28cfc of 512 bytes failed: Only part of a ReadProcessMemory or WriteProcessMemory request was completed. (0x12B)
[0703/074803.796:ERROR:process_memory_win.cc(73)] ReadMemory at 0x7ffcdfc567e1 of 512 bytes failed: Only part of a ReadProcessMemory or WriteProcessMemory request was completed. (0x12B)
[0703/074803.796:ERROR:process_memory_win.cc(73)] ReadMemory at 0x7ffce3e8c9c8 of 512 bytes failed: Only part of a ReadProcessMemory or WriteProcessMemory request was completed. (0x12B)
[0703/074803.796:ERROR:process_memory_win.cc(73)] ReadMemory at 0x7ffce3eaa568 of 512 bytes failed: Only part of a ReadProcessMemory or WriteProcessMemory request was completed. (0x12B)
[0703/074803.796:ERROR:process_memory_win.cc(73)] ReadMemory at 0x7ffce41a7c38 of 512 bytes failed: Only part of a ReadProcessMemory or WriteProcessMemory request was completed. (0x12B)
[0703/074803.797:ERROR:process_memory_win.cc(73)] ReadMemory at 0x7ffd2debc074 of 672 bytes failed: Only part of a ReadProcessMemory or WriteProcessMemory request was completed. (0x12B)
[0703/074803.797:ERROR:process_memory_win.cc(73)] ReadMemory at 0x7ffd2debc674 of 512 bytes failed: Only part of a ReadProcessMemory or WriteProcessMemory request was completed. (0x12B)
[0703/074803.797:ERROR:process_memory_win.cc(73)] ReadMemory at 0x7ffd2debf924 of 608 bytes failed: Only part of a ReadProcessMemory or WriteProcessMemory request was completed. (0x12B)
[0703/074803.797:ERROR:process_memory_win.cc(73)] ReadMemory at 0x7ffd2df4c428 of 18 bytes failed: Only part of a ReadProcessMemory or WriteProcessMemory request was completed. (0x12B)
[0703/074803.797:ERROR:process_memory_win.cc(73)] ReadMemory at 0x7ffd2df7f4f8 of 40 bytes failed: Only part of a ReadProcessMemory or WriteProcessMemory request was completed. (0x12B)
[0703/074803.798:ERROR:process_memory_win.cc(73)] ReadMemory at 0x7ffd2df7f978 of 48 bytes failed: Only part of a ReadProcessMemory or WriteProcessMemory request was completed. (0x12B)
[0703/074803.798:ERROR:process_memory_win.cc(73)] ReadMemory at 0x7ffd2df853c0 of 64 bytes failed: Only part of a ReadProcessMemory or WriteProcessMemory request was completed. (0x12B)
[0703/074803.800:ERROR:scoped_process_suspend.cc(40)] NtResumeProcess: An attempt was made to access an exiting process. (0xc000010a)
[0703/214227.750:ERROR:process_reader_win.cc(151)] SuspendThread: Access is denied. (0x5)
[0703/214227.750:ERROR:process_reader_win.cc(123)] NtOpenThread: {Access Denied} A process has requested access to an object, but has not been granted those access rights. (0xc0000022)
[0703/214227.797:ERROR:exception_snapshot_win.cc(98)] thread ID 39644 not found in process
[0703/214227.797:ERROR:process_reader_win.cc(123)] NtOpenThread: {Access Denied} A process has requested access to an object, but has not been granted those access rights. (0xc0000022)
[0703/214227.797:ERROR:exception_snapshot_win.cc(98)] thread ID 36820 not found in process
[0703/214227.750:ERROR:process_reader_win.cc(151)] SuspendThread: Access is denied. (0x5)
[0703/214227.797:ERROR:process_reader_win.cc(123)] NtOpenThread: {Access Denied} A process has requested access to an object, but has not been granted those access rights. (0xc0000022)
[0703/214227.797:ERROR:exception_snapshot_win.cc(98)] thread ID 41680 not found in process
[0703/214227.781:ERROR:process_reader_win.cc(123)] NtOpenThread: {Access Denied} A process has requested access to an object, but has not been granted those access rights. (0xc0000022)
[0703/214227.812:ERROR:exception_snapshot_win.cc(98)] thread ID 21716 not found in process
[0703/214227.781:ERROR:process_reader_win.cc(151)] SuspendThread: Access is denied. (0x5)
[0703/214227.812:ERROR:process_reader_win.cc(123)] NtOpenThread: {Access Denied} A process has requested access to an object, but has not been granted those access rights. (0xc0000022)
[0703/214227.812:ERROR:exception_snapshot_win.cc(98)] thread ID 26040 not found in process
[0703/214227.887:ERROR:process_reader_win.cc(123)] NtOpenThread: {Access Denied} A process has requested access to an object, but has not been granted those access rights. (0xc0000022)
[0703/214227.887:ERROR:exception_snapshot_win.cc(98)] thread ID 33652 not found in process
